This file contains any messages produced by compilers while
running configure, to aid debugging if configure makes a mistake.

It was created by configure, which was
generated by GNU Autoconf 2.61.  Invocation command line was

  $ ./configure 

## --------- ##
## Platform. ##
## --------- ##

hostname = pingu
uname -m = i686
uname -r = 2.6.38-8-generic
uname -s = Linux
uname -v = #42-Ubuntu SMP Mon Apr 11 03:31:50 UTC 2011

/usr/bin/uname -p = unknown
/bin/uname -X     = unknown

/bin/arch              = unknown
/usr/bin/arch -k       = unknown
/usr/convex/getsysinfo = unknown
/usr/bin/hostinfo      = unknown
/bin/machine           = unknown
/usr/bin/oslevel       = unknown
/bin/universe          = unknown

PATH: /usr/local/sbin
PATH: /usr/local/bin
PATH: /usr/sbin
PATH: /usr/bin
PATH: /sbin
PATH: /bin
PATH: /usr/games
PATH: /usr/bin/make
PATH: /usr/local/Trolltech/Qt-4.7.2/bin


## ----------- ##
## Core tests. ##
## ----------- ##

configure:1732: checking build system type
configure:1750: result: i686-pc-linux-gnu
configure:1772: checking host system type
configure:1787: result: i686-pc-linux-gnu
configure:1809: checking target system type
configure:1824: result: i686-pc-linux-gnu
configure:1900: checking for gcc
configure:1916: found /usr/bin/gcc
configure:1927: result: gcc
configure:2165: checking for C compiler version
configure:2172: gcc --version >&5
gcc (Ubuntu/Linaro 4.5.2-8ubuntu4) 4.5.2
Copyright (C) 2010 Free Software Foundation, Inc.
This is free software; see the source for copying conditions.  There is NO
warranty; not even for MERCHANTABILITY or FITNESS FOR A PARTICULAR PURPOSE.

configure:2175: $? = 0
configure:2182: gcc -v >&5
Using built-in specs.
COLLECT_GCC=gcc
COLLECT_LTO_WRAPPER=/usr/lib/i386-linux-gnu/gcc/i686-linux-gnu/4.5.2/lto-wrapper
Target: i686-linux-gnu
Configured with: ../src/configure -v --with-pkgversion='Ubuntu/Linaro 4.5.2-8ubuntu4' --with-bugurl=file:///usr/share/doc/gcc-4.5/README.Bugs --enable-languages=c,c++,fortran,objc,obj-c++ --prefix=/usr --program-suffix=-4.5 --enable-shared --enable-multiarch --with-multiarch-defaults=i386-linux-gnu --enable-linker-build-id --with-system-zlib --libexecdir=/usr/lib/i386-linux-gnu --without-included-gettext --enable-threads=posix --with-gxx-include-dir=/usr/include/c++/4.5 --libdir=/usr/lib/i386-linux-gnu --enable-nls --with-sysroot=/ --enable-clocale=gnu --enable-libstdcxx-debug --enable-libstdcxx-time=yes --enable-plugin --enable-gold --enable-ld=default --with-plugin-ld=ld.gold --enable-objc-gc --enable-targets=all --disable-werror --with-arch-32=i686 --with-tune=generic --enable-checking=release --build=i686-linux-gnu --host=i686-linux-gnu --target=i686-linux-gnu
Thread model: posix
gcc version 4.5.2 (Ubuntu/Linaro 4.5.2-8ubuntu4) 
configure:2185: $? = 0
configure:2192: gcc -V >&5
gcc: '-V' option must have argument
configure:2195: $? = 1
configure:2218: checking for C compiler default output file name
configure:2245: gcc    conftest.c  >&5
configure:2248: $? = 0
configure:2286: result: a.out
configure:2303: checking whether the C compiler works
configure:2313: ./a.out
configure:2316: $? = 0
configure:2333: result: yes
configure:2340: checking whether we are cross compiling
configure:2342: result: no
configure:2345: checking for suffix of executables
configure:2352: gcc -o conftest    conftest.c  >&5
configure:2355: $? = 0
configure:2379: result: 
configure:2385: checking for suffix of object files
configure:2411: gcc -c   conftest.c >&5
configure:2414: $? = 0
configure:2437: result: o
configure:2441: checking whether we are using the GNU C compiler
configure:2470: gcc -c   conftest.c >&5
configure:2476: $? = 0
configure:2493: result: yes
configure:2498: checking whether gcc accepts -g
configure:2528: gcc -c -g  conftest.c >&5
configure:2534: $? = 0
configure:2633: result: yes
configure:2650: checking for gcc option to accept ISO C89
configure:2724: gcc  -c -g -O2  conftest.c >&5
configure:2730: $? = 0
configure:2753: result: none needed
configure:2817: checking for ranlib
configure:2833: found /usr/bin/ranlib
configure:2844: result: ranlib
configure:2913: checking for ar
configure:2929: found /usr/bin/ar
configure:2940: result: ar
configure:2973: checking how to run the C preprocessor
configure:3013: gcc -E  conftest.c
configure:3019: $? = 0
configure:3050: gcc -E  conftest.c
conftest.c:8:28: fatal error: ac_nonexistent.h: No such file or directory
compilation terminated.
configure:3056: $? = 1
configure: failed program was:
| /* confdefs.h.  */
| #define PACKAGE_NAME ""
| #define PACKAGE_TARNAME ""
| #define PACKAGE_VERSION ""
| #define PACKAGE_STRING ""
| #define PACKAGE_BUGREPORT ""
| /* end confdefs.h.  */
| #include <ac_nonexistent.h>
configure:3089: result: gcc -E
configure:3118: gcc -E  conftest.c
configure:3124: $? = 0
configure:3155: gcc -E  conftest.c
conftest.c:8:28: fatal error: ac_nonexistent.h: No such file or directory
compilation terminated.
configure:3161: $? = 1
configure: failed program was:
| /* confdefs.h.  */
| #define PACKAGE_NAME ""
| #define PACKAGE_TARNAME ""
| #define PACKAGE_VERSION ""
| #define PACKAGE_STRING ""
| #define PACKAGE_BUGREPORT ""
| /* end confdefs.h.  */
| #include <ac_nonexistent.h>
configure:3199: checking for grep that handles long lines and -e
configure:3273: result: /bin/grep
configure:3278: checking for egrep
configure:3356: result: /bin/grep -E
configure:3361: checking for ANSI C header files
configure:3391: gcc -c -g -O2 -Wall  conftest.c >&5
configure:3397: $? = 0
configure:3496: gcc -o conftest -g -O2 -Wall   conftest.c  >&5
configure:3499: $? = 0
configure:3505: ./conftest
configure:3508: $? = 0
configure:3525: result: yes
configure:3549: checking for sys/types.h
configure:3570: gcc -c -g -O2 -Wall  conftest.c >&5
configure:3576: $? = 0
configure:3592: result: yes
configure:3549: checking for sys/stat.h
configure:3570: gcc -c -g -O2 -Wall  conftest.c >&5
configure:3576: $? = 0
configure:3592: result: yes
configure:3549: checking for stdlib.h
configure:3570: gcc -c -g -O2 -Wall  conftest.c >&5
configure:3576: $? = 0
configure:3592: result: yes
configure:3549: checking for string.h
configure:3570: gcc -c -g -O2 -Wall  conftest.c >&5
configure:3576: $? = 0
configure:3592: result: yes
configure:3549: checking for memory.h
configure:3570: gcc -c -g -O2 -Wall  conftest.c >&5
configure:3576: $? = 0
configure:3592: result: yes
configure:3549: checking for strings.h
configure:3570: gcc -c -g -O2 -Wall  conftest.c >&5
configure:3576: $? = 0
configure:3592: result: yes
configure:3549: checking for inttypes.h
configure:3570: gcc -c -g -O2 -Wall  conftest.c >&5
configure:3576: $? = 0
configure:3592: result: yes
configure:3549: checking for stdint.h
configure:3570: gcc -c -g -O2 -Wall  conftest.c >&5
configure:3576: $? = 0
configure:3592: result: yes
configure:3549: checking for unistd.h
configure:3570: gcc -c -g -O2 -Wall  conftest.c >&5
configure:3576: $? = 0
configure:3592: result: yes
configure:3604: checking whether byte ordering is bigendian
configure:3637: gcc -c -g -O2 -Wall  conftest.c >&5
configure:3643: $? = 0
configure:3675: gcc -c -g -O2 -Wall  conftest.c >&5
conftest.c: In function 'main':
conftest.c:25:2: error: 'not' undeclared (first use in this function)
conftest.c:25:2: note: each undeclared identifier is reported only once for each function it appears in
conftest.c:25:6: error: expected ';' before 'big'
configure:3681: $? = 1
configure: failed program was:
| /* confdefs.h.  */
| #define PACKAGE_NAME ""
| #define PACKAGE_TARNAME ""
| #define PACKAGE_VERSION ""
| #define PACKAGE_STRING ""
| #define PACKAGE_BUGREPORT ""
| #define STDC_HEADERS 1
| #define HAVE_SYS_TYPES_H 1
| #define HAVE_SYS_STAT_H 1
| #define HAVE_STDLIB_H 1
| #define HAVE_STRING_H 1
| #define HAVE_MEMORY_H 1
| #define HAVE_STRINGS_H 1
| #define HAVE_INTTYPES_H 1
| #define HAVE_STDINT_H 1
| #define HAVE_UNISTD_H 1
| /* end confdefs.h.  */
| #include <sys/types.h>
| #include <sys/param.h>
| 
| int
| main ()
| {
| #if BYTE_ORDER != BIG_ENDIAN
|  not big endian
| #endif
| 
|   ;
|   return 0;
| }
configure:3821: result: no
configure:3841: checking for tputs in -lncurses
configure:3876: gcc -o conftest -g -O2 -Wall   conftest.c -lncurses   >&5
configure:3882: $? = 0
configure:3900: result: yes
configure:3935: gcc -c -g -O2 -Wall  conftest.c >&5
conftest.c: In function 'main':
conftest.c:26:3: error: expected expression before ';' token
conftest.c:22:5: warning: unused variable 'j'
configure:3941: $? = 1
configure: failed program was:
| /* confdefs.h.  */
| #define PACKAGE_NAME ""
| #define PACKAGE_TARNAME ""
| #define PACKAGE_VERSION ""
| #define PACKAGE_STRING ""
| #define PACKAGE_BUGREPORT ""
| #define STDC_HEADERS 1
| #define HAVE_SYS_TYPES_H 1
| #define HAVE_SYS_STAT_H 1
| #define HAVE_STDLIB_H 1
| #define HAVE_STRING_H 1
| #define HAVE_MEMORY_H 1
| #define HAVE_STRINGS_H 1
| #define HAVE_INTTYPES_H 1
| #define HAVE_STDINT_H 1
| #define HAVE_UNISTD_H 1
| /* end confdefs.h.  */
| #include <stdio.h>
| int
| main ()
| {
| int j=
|                 #if __GNUC__ == 2 && __GNUC_MINOR__ == 95
|                 3;
|                 #endif
|   ;
|   return 0;
| }
configure:3979: gcc -c -g -O2 -Wall  conftest.c >&5
conftest.c: In function 'main':
conftest.c:26:3: error: expected expression before ';' token
conftest.c:22:5: warning: unused variable 'j'
configure:3985: $? = 1
configure: failed program was:
| /* confdefs.h.  */
| #define PACKAGE_NAME ""
| #define PACKAGE_TARNAME ""
| #define PACKAGE_VERSION ""
| #define PACKAGE_STRING ""
| #define PACKAGE_BUGREPORT ""
| #define STDC_HEADERS 1
| #define HAVE_SYS_TYPES_H 1
| #define HAVE_SYS_STAT_H 1
| #define HAVE_STDLIB_H 1
| #define HAVE_STRING_H 1
| #define HAVE_MEMORY_H 1
| #define HAVE_STRINGS_H 1
| #define HAVE_INTTYPES_H 1
| #define HAVE_STDINT_H 1
| #define HAVE_UNISTD_H 1
| /* end confdefs.h.  */
| #include <stdio.h>
| int
| main ()
| {
| int j=
|                 #if __GNUC__ == 3
|                 3;
|                 #endif
|   ;
|   return 0;
| }
configure:4023: gcc -c -g -O2 -Wall  conftest.c >&5
conftest.c: In function 'main':
conftest.c:26:3: error: expected expression before ';' token
conftest.c:22:6: warning: unused variable 'j'
configure:4029: $? = 1
configure: failed program was:
| /* confdefs.h.  */
| #define PACKAGE_NAME ""
| #define PACKAGE_TARNAME ""
| #define PACKAGE_VERSION ""
| #define PACKAGE_STRING ""
| #define PACKAGE_BUGREPORT ""
| #define STDC_HEADERS 1
| #define HAVE_SYS_TYPES_H 1
| #define HAVE_SYS_STAT_H 1
| #define HAVE_STDLIB_H 1
| #define HAVE_STRING_H 1
| #define HAVE_MEMORY_H 1
| #define HAVE_STRINGS_H 1
| #define HAVE_INTTYPES_H 1
| #define HAVE_STDINT_H 1
| #define HAVE_UNISTD_H 1
| /* end confdefs.h.  */
| #include <stdio.h>
| int
| main ()
| {
|  int j=
|                 #if __GNUC__ == 2 && __GNUC_MINOR__ == 96
|                 3;
|                 #endif
|   ;
|   return 0;
| }
configure:4067: gcc -c -g -O2 -Wall  conftest.c >&5
conftest.c: In function 'main':
conftest.c:26:3: error: expected expression before ';' token
conftest.c:22:5: warning: unused variable 'j'
configure:4073: $? = 1
configure: failed program was:
| /* confdefs.h.  */
| #define PACKAGE_NAME ""
| #define PACKAGE_TARNAME ""
| #define PACKAGE_VERSION ""
| #define PACKAGE_STRING ""
| #define PACKAGE_BUGREPORT ""
| #define STDC_HEADERS 1
| #define HAVE_SYS_TYPES_H 1
| #define HAVE_SYS_STAT_H 1
| #define HAVE_STDLIB_H 1
| #define HAVE_STRING_H 1
| #define HAVE_MEMORY_H 1
| #define HAVE_STRINGS_H 1
| #define HAVE_INTTYPES_H 1
| #define HAVE_STDINT_H 1
| #define HAVE_UNISTD_H 1
| /* end confdefs.h.  */
| #include <stdio.h>
| int
| main ()
| {
| int j=
|                 #if __GNUC__ == 2 && __GNUC_MINOR__ == 91
|                 3;
|                 #endif
|   ;
|   return 0;
| }
configure:4111: gcc -c -g -O2 -Wall  conftest.c >&5
conftest.c: In function 'main':
conftest.c:26:3: error: expected expression before ';' token
conftest.c:22:5: warning: unused variable 'j'
configure:4117: $? = 1
configure: failed program was:
| /* confdefs.h.  */
| #define PACKAGE_NAME ""
| #define PACKAGE_TARNAME ""
| #define PACKAGE_VERSION ""
| #define PACKAGE_STRING ""
| #define PACKAGE_BUGREPORT ""
| #define STDC_HEADERS 1
| #define HAVE_SYS_TYPES_H 1
| #define HAVE_SYS_STAT_H 1
| #define HAVE_STDLIB_H 1
| #define HAVE_STRING_H 1
| #define HAVE_MEMORY_H 1
| #define HAVE_STRINGS_H 1
| #define HAVE_INTTYPES_H 1
| #define HAVE_STDINT_H 1
| #define HAVE_UNISTD_H 1
| /* end confdefs.h.  */
| #include <stdio.h>
| int
| main ()
| {
| int j=
|                 #if __GNUC__ == 2 && __GNUC_MINOR__ == 8
|                 3;
|                 #endif
|   ;
|   return 0;
| }
configure:4158: gcc -c -g -O2 -Wall  conftest.c >&5
conftest.c:18:26: fatal error: alsa/version.h: No such file or directory
compilation terminated.
configure:4164: $? = 1
configure: failed program was:
| /* confdefs.h.  */
| #define PACKAGE_NAME ""
| #define PACKAGE_TARNAME ""
| #define PACKAGE_VERSION ""
| #define PACKAGE_STRING ""
| #define PACKAGE_BUGREPORT ""
| #define STDC_HEADERS 1
| #define HAVE_SYS_TYPES_H 1
| #define HAVE_SYS_STAT_H 1
| #define HAVE_STDLIB_H 1
| #define HAVE_STRING_H 1
| #define HAVE_MEMORY_H 1
| #define HAVE_STRINGS_H 1
| #define HAVE_INTTYPES_H 1
| #define HAVE_STDINT_H 1
| #define HAVE_UNISTD_H 1
| /* end confdefs.h.  */
| #include <alsa/version.h>
| int
| main ()
| {
| int j=
|                 #if SND_LIB_SUBMINOR >= 14
|                 3;
|                 #endif
|   ;
|   return 0;
| }
configure:4312: creating ./config.status

## ---------------------- ##
## Running config.status. ##
## ---------------------- ##

This file was extended by config.status, which was
generated by GNU Autoconf 2.61.  Invocation command line was

  CONFIG_FILES    = 
  CONFIG_HEADERS  = 
  CONFIG_LINKS    = 
  CONFIG_COMMANDS = 
  $ ./config.status 

on pingu

config.status:591: creating config/config

## ---------------- ##
## Cache variables. ##
## ---------------- ##

ac_cv_build=i686-pc-linux-gnu
ac_cv_c_bigendian=no
ac_cv_c_compiler_gnu=yes
ac_cv_env_CC_set=
ac_cv_env_CC_value=
ac_cv_env_CFLAGS_set=
ac_cv_env_CFLAGS_value=
ac_cv_env_CPPFLAGS_set=
ac_cv_env_CPPFLAGS_value=
ac_cv_env_CPP_set=
ac_cv_env_CPP_value=
ac_cv_env_LDFLAGS_set=
ac_cv_env_LDFLAGS_value=
ac_cv_env_LIBS_set=
ac_cv_env_LIBS_value=
ac_cv_env_build_alias_set=
ac_cv_env_build_alias_value=
ac_cv_env_host_alias_set=
ac_cv_env_host_alias_value=
ac_cv_env_target_alias_set=
ac_cv_env_target_alias_value=
ac_cv_header_inttypes_h=yes
ac_cv_header_memory_h=yes
ac_cv_header_stdc=yes
ac_cv_header_stdint_h=yes
ac_cv_header_stdlib_h=yes
ac_cv_header_string_h=yes
ac_cv_header_strings_h=yes
ac_cv_header_sys_stat_h=yes
ac_cv_header_sys_types_h=yes
ac_cv_header_unistd_h=yes
ac_cv_host=i686-pc-linux-gnu
ac_cv_lib_ncurses_tputs=yes
ac_cv_objext=o
ac_cv_path_EGREP='/bin/grep -E'
ac_cv_path_GREP=/bin/grep
ac_cv_prog_CPP='gcc -E'
ac_cv_prog_ac_ct_AR=ar
ac_cv_prog_ac_ct_CC=gcc
ac_cv_prog_ac_ct_RANLIB=ranlib
ac_cv_prog_cc_c89=
ac_cv_prog_cc_g=yes
ac_cv_target=i686-pc-linux-gnu

## ----------------- ##
## Output variables. ##
## ----------------- ##

AR='ar'
CC='gcc'
CFLAGS='-g -O2 -Wall'
COMPILERTYPE='gcc'
CPP='gcc -E'
CPPFLAGS=''
DEFS='-DPACKAGE_NAME=\"\" -DPACKAGE_TARNAME=\"\" -DPACKAGE_VERSION=\"\" -DPACKAGE_STRING=\"\" -DPACKAGE_BUGREPORT=\"\" -DSTDC_HEADERS=1 -DHAVE_SYS_TYPES_H=1 -DHAVE_SYS_STAT_H=1 -DHAVE_STDLIB_H=1 -DHAVE_STRING_H=1 -DHAVE_MEMORY_H=1 -DHAVE_STRINGS_H=1 -DHAVE_INTTYPES_H=1 -DHAVE_STDINT_H=1 -DHAVE_UNISTD_H=1'
ECHO_C=''
ECHO_N='-n'
ECHO_T=''
EGREP='/bin/grep -E'
EXEEXT=''
GREP='/bin/grep'
LDFLAGS=''
LIBOBJS=''
LIBS=''
LINUXAUDIO='none'
LTLIBOBJS=''
OBJEXT='o'
PACKAGE_BUGREPORT=''
PACKAGE_NAME=''
PACKAGE_STRING=''
PACKAGE_TARNAME=''
PACKAGE_VERSION=''
PATH_SEPARATOR=':'
RANLIB='ranlib'
SHELL='/bin/bash'
TERMCAPLIB='-lncurses'
ac_ct_CC='gcc'
bindir='${exec_prefix}/bin'
build='i686-pc-linux-gnu'
build_alias=''
build_cpu='i686'
build_os='linux-gnu'
build_vendor='pc'
datadir='${datarootdir}'
datarootdir='${prefix}/share'
docdir='${datarootdir}/doc/${PACKAGE}'
dvidir='${docdir}'
exec_prefix='${prefix}'
host='i686-pc-linux-gnu'
host_alias=''
host_cpu='i686'
host_os='linux-gnu'
host_vendor='pc'
htmldir='${docdir}'
includedir='${prefix}/include'
infodir='${datarootdir}/info'
libdir='${exec_prefix}/lib'
libexecdir='${exec_prefix}/libexec'
localedir='${datarootdir}/locale'
localstatedir='${prefix}/var'
mandir='${datarootdir}/man'
oldincludedir='/usr/include'
pdfdir='${docdir}'
prefix='/usr/local'
program_transform_name='s,x,x,'
psdir='${docdir}'
sbindir='${exec_prefix}/sbin'
sharedstatedir='${prefix}/com'
sysconfdir='${prefix}/etc'
target='i686-pc-linux-gnu'
target_alias=''
target_cpu='i686'
target_os='linux-gnu'
target_vendor='pc'

## ----------- ##
## confdefs.h. ##
## ----------- ##

#define PACKAGE_NAME ""
#define PACKAGE_TARNAME ""
#define PACKAGE_VERSION ""
#define PACKAGE_STRING ""
#define PACKAGE_BUGREPORT ""
#define STDC_HEADERS 1
#define HAVE_SYS_TYPES_H 1
#define HAVE_SYS_STAT_H 1
#define HAVE_STDLIB_H 1
#define HAVE_STRING_H 1
#define HAVE_MEMORY_H 1
#define HAVE_STRINGS_H 1
#define HAVE_INTTYPES_H 1
#define HAVE_STDINT_H 1
#define HAVE_UNISTD_H 1

configure: exit 0
